<?xml version="1.0" encoding="UTF-8"?>
<!-- Generated by org.testng.reporters.JUnitXMLReporter -->
<testsuite hostname="P11-AS-GGLC102" ignored="0" name="Navigating to VT Login Page " tests="1" failures="1" timestamp="28 Oct 2018 05:47:45 GMT" time="65.502" errors="0">
  <testcase name="CreateOfferWindow" time="58.386" classname="vendorly.Test.vTloginPage">
    <failure type="org.openqa.selenium.support.ui.UnexpectedTagNameException" message="Element should have been &amp;quot;select&amp;quot; but was &amp;quot;button&amp;quot;
Build info: version: &amp;apos;3.13.0&amp;apos;, revision: &amp;apos;2f0d292&amp;apos;, time: &amp;apos;2018-06-25T15:24:21.231Z&amp;apos;
System info: host: &amp;apos;P11-AS-GGLC102&amp;apos;, ip: &amp;apos;172.24.247.5&amp;apos;, os.name: &amp;apos;Windows 10&amp;apos;, os.arch: &amp;apos;amd64&amp;apos;, os.version: &amp;apos;10.0&amp;apos;, java.version: &amp;apos;1.8.0_144&amp;apos;
Driver info: driver.version: unknown">
      <![CDATA[org.openqa.selenium.support.ui.UnexpectedTagNameException: Element should have been "select" but was "button"
Build info: version: '3.13.0', revision: '2f0d292', time: '2018-06-25T15:24:21.231Z'
System info: host: 'P11-AS-GGLC102', ip: '172.24.247.5', os.name: 'Windows 10', os.arch: 'amd64', os.version: '10.0', java.version: '1.8.0_144'
Driver info: driver.version: unknown
at org.openqa.selenium.support.ui.Select.<init>(Select.java:47)
at utiLity.FpProductSelection.CreateOffer(FpProductSelection.java:26)
at vendorly.Test.vTloginPage.CreateOfferWindow(vTloginPage.java:48)
... Removed 25 stack frames]]>
    </failure>
  </testcase> <!-- CreateOfferWindow -->
</testsuite> <!-- Navigating to VT Login Page  -->
