<?xml version="1.0" encoding="UTF-8"?>
<testng-results skipped="1" failed="1" ignored="0" total="3" passed="1">
  <reporter-output>
    <line>
      <![CDATA[******************About to begin executing Suite*********************** TestNg Demo]]>
    </line>
    <line>
      <![CDATA[About to begin executing Test Demo]]>
    </line>
    <line>
      <![CDATA[About to begin executing following method : testDemo.test1]]>
    </line>
    <line>
      <![CDATA[Completed executing following method : testDemo.test1]]>
    </line>
    <line>
      <![CDATA[Test Method resides in TestNgSamples.testDemo]]>
    </line>
    <line>
      <![CDATA[Test Method had the following parameters : nullRitesh,Sipps,]]>
    </line>
    <line>
      <![CDATA[Test Status: Pass]]>
    </line>
    <line>
      <![CDATA[About to begin executing following method : testDemo.test3]]>
    </line>
    <line>
      <![CDATA[Completed executing following method : testDemo.test3]]>
    </line>
    <line>
      <![CDATA[Test Method resides in TestNgSamples.testDemo]]>
    </line>
    <line>
      <![CDATA[Test Status: Failed]]>
    </line>
    <line>
      <![CDATA[Test Method resides in TestNgSamples.testDemo]]>
    </line>
    <line>
      <![CDATA[Test Status: Skipped]]>
    </line>
    <line>
      <![CDATA[Completed executing test Demo]]>
    </line>
  </reporter-output>
  <suite name="TestNg Demo" duration-ms="1871" started-at="2018-11-28T14:38:30Z" finished-at="2018-11-28T14:38:32Z">
    <groups>
      <group name="cars">
        <method signature="testDemo.test2(java.lang.String, java.lang.String, java.lang.String)[pri:2, instance:TestNgSamples.testDemo@66a3ffec]" name="test2" class="TestNgSamples.testDemo"/>
      </group> <!-- cars -->
      <group name="bikes">
        <method signature="testDemo.test3()[pri:3, instance:TestNgSamples.testDemo@66a3ffec]" name="test3" class="TestNgSamples.testDemo"/>
        <method signature="testDemo.test1(java.lang.String, java.lang.String)[pri:1, instance:TestNgSamples.testDemo@66a3ffec]" name="test1" class="TestNgSamples.testDemo"/>
      </group> <!-- bikes -->
    </groups>
    <test name="Demo" duration-ms="1871" started-at="2018-11-28T14:38:30Z" finished-at="2018-11-28T14:38:32Z">
      <class name="TestNgSamples.testDemo">
        <test-method status="PASS" signature="test1(java.lang.String, java.lang.String)[pri:1, instance:TestNgSamples.testDemo@66a3ffec]" name="test1" duration-ms="1607" started-at="2018-11-28T14:38:31Z" description="test class" finished-at="2018-11-28T14:38:32Z">
          <params>
            <param index="0">
              <value>
                <![CDATA[Ritesh]]>
              </value>
            </param>
            <param index="1">
              <value>
                <![CDATA[Sipps]]>
              </value>
            </param>
          </params>
          <reporter-output>
            <line>
              <![CDATA[About to begin executing following method : testDemo.test1]]>
            </line>
            <line>
              <![CDATA[Completed executing following method : testDemo.test1]]>
            </line>
            <line>
              <![CDATA[Test Method resides in TestNgSamples.testDemo]]>
            </line>
            <line>
              <![CDATA[Test Method had the following parameters : nullRitesh,Sipps,]]>
            </line>
            <line>
              <![CDATA[Test Status: Pass]]>
            </line>
          </reporter-output>
        </test-method> <!-- test1 -->
        <test-method status="FAIL" signature="test3()[pri:3, instance:TestNgSamples.testDemo@66a3ffec]" name="test3" duration-ms="25" started-at="2018-11-28T14:38:32Z" finished-at="2018-11-28T14:38:32Z">
          <exception class="java.lang.AssertionError">
            <full-stacktrace>
              <![CDATA[java.lang.AssertionError
at org.junit.Assert.fail(Assert.java:86)
at org.junit.Assert.assertTrue(Assert.java:41)
at org.junit.Assert.assertTrue(Assert.java:52)
at TestNgSamples.testDemo.test3(testDemo.java:87)
at sun.reflect.NativeMethodAccessorImpl.invoke0(Native Method)
at sun.reflect.NativeMethodAccessorImpl.invoke(NativeMethodAccessorImpl.java:62)
at sun.reflect.DelegatingMethodAccessorImpl.invoke(DelegatingMethodAccessorImpl.java:43)
at java.lang.reflect.Method.invoke(Method.java:498)
at org.testng.internal.MethodInvocationHelper.invokeMethod(MethodInvocationHelper.java:124)
at org.testng.internal.Invoker.invokeMethod(Invoker.java:580)
at org.testng.internal.Invoker.invokeTestMethod(Invoker.java:716)
at org.testng.internal.Invoker.invokeTestMethods(Invoker.java:988)
at org.testng.internal.TestMethodWorker.invokeTestMethods(TestMethodWorker.java:125)
at org.testng.internal.TestMethodWorker.run(TestMethodWorker.java:109)
at org.testng.TestRunner.privateRun(TestRunner.java:648)
at org.testng.TestRunner.run(TestRunner.java:505)
at org.testng.SuiteRunner.runTest(SuiteRunner.java:455)
at org.testng.SuiteRunner.access$000(SuiteRunner.java:40)
at org.testng.SuiteRunner$SuiteWorker.run(SuiteRunner.java:489)
at org.testng.internal.thread.ThreadUtil$1.call(ThreadUtil.java:52)
at java.util.concurrent.FutureTask.run(FutureTask.java:266)
at java.util.concurrent.ThreadPoolExecutor.runWorker(ThreadPoolExecutor.java:1149)
at java.util.concurrent.ThreadPoolExecutor$Worker.run(ThreadPoolExecutor.java:624)
at java.lang.Thread.run(Thread.java:748)
]]>
            </full-stacktrace>
          </exception> <!-- java.lang.AssertionError -->
          <reporter-output>
            <line>
              <![CDATA[About to begin executing following method : testDemo.test3]]>
            </line>
            <line>
              <![CDATA[Completed executing following method : testDemo.test3]]>
            </line>
            <line>
              <![CDATA[Test Method resides in TestNgSamples.testDemo]]>
            </line>
            <line>
              <![CDATA[Test Status: Failed]]>
            </line>
          </reporter-output>
        </test-method> <!-- test3 -->
        <test-method status="SKIP" signature="test2(java.lang.String, java.lang.String, java.lang.String)[pri:2, instance:TestNgSamples.testDemo@66a3ffec]" name="test2" duration-ms="0" started-at="2018-11-28T14:38:32Z" data-provider="data" depends-on-methods="TestNgSamples.testDemo.test3" finished-at="2018-11-28T14:38:32Z">
          <exception class="java.lang.Throwable">
            <message>
              <![CDATA[Method testDemo.test2(java.lang.String, java.lang.String, java.lang.String)[pri:2, instance:TestNgSamples.testDemo@66a3ffec] depends on not successfully finished methods]]>
            </message>
            <full-stacktrace>
              <![CDATA[java.lang.Throwable: Method testDemo.test2(java.lang.String, java.lang.String, java.lang.String)[pri:2, instance:TestNgSamples.testDemo@66a3ffec] depends on not successfully finished methods
at org.testng.internal.Invoker.invokeTestMethods(Invoker.java:887)
at org.testng.internal.TestMethodWorker.invokeTestMethods(TestMethodWorker.java:125)
at org.testng.internal.TestMethodWorker.run(TestMethodWorker.java:109)
at org.testng.TestRunner.privateRun(TestRunner.java:648)
at org.testng.TestRunner.run(TestRunner.java:505)
at org.testng.SuiteRunner.runTest(SuiteRunner.java:455)
at org.testng.SuiteRunner.access$000(SuiteRunner.java:40)
at org.testng.SuiteRunner$SuiteWorker.run(SuiteRunner.java:489)
at org.testng.internal.thread.ThreadUtil$1.call(ThreadUtil.java:52)
at java.util.concurrent.FutureTask.run(FutureTask.java:266)
at java.util.concurrent.ThreadPoolExecutor.runWorker(ThreadPoolExecutor.java:1149)
at java.util.concurrent.ThreadPoolExecutor$Worker.run(ThreadPoolExecutor.java:624)
at java.lang.Thread.run(Thread.java:748)
]]>
            </full-stacktrace>
          </exception> <!-- java.lang.Throwable -->
          <reporter-output>
            <line>
              <![CDATA[Test Method resides in TestNgSamples.testDemo]]>
            </line>
            <line>
              <![CDATA[Test Status: Skipped]]>
            </line>
            <line>
              <![CDATA[Completed executing test Demo]]>
            </line>
          </reporter-output>
        </test-method> <!-- test2 -->
      </class> <!-- TestNgSamples.testDemo -->
    </test> <!-- Demo -->
  </suite> <!-- TestNg Demo -->
</testng-results>
